<?xml version="1.0" encoding="UTF-8"?>
<testsuite xmlns:xsi="http://www.w3.org/2001/XMLSchema-instance" xsi:noNamespaceSchemaLocation="https://maven.apache.org/surefire/maven-surefire-plugin/xsd/surefire-test-report.xsd" version="3.0.2" name="com.zifang.util.json.code.JSONParserTest" time="0.004" tests="22" errors="0" skipped="0" failures="0">
  <properties>
[...]
</properties>
  <testcase name="testParseFalse" classname="com.zifang.util.json.code.JSONParserTest" time="0.0"/>
  <testcase name="testParsePositiveInt" classname="com.zifang.util.json.code.JSONParserTest" time="0.0"/>
  <testcase name="testParseScientificNotation" classname="com.zifang.util.json.code.JSONParserTest" time="0.0"/>
  <testcase name="testParseString" classname="com.zifang.util.json.code.JSONParserTest" time="0.0"/>
  <testcase name="testParseNegativeInt" classname="com.zifang.util.json.code.JSONParserTest" time="0.0"/>
  <testcase name="testParseNull" classname="com.zifang.util.json.code.JSONParserTest" time="0.0"/>
  <testcase name="testParseTrue" classname="com.zifang.util.json.code.JSONParserTest" time="0.0"/>
  <testcase name="testParseEmptyObject" classname="com.zifang.util.json.code.JSONParserTest" time="0.0"/>
  <testcase name="testParseNegativeDouble" classname="com.zifang.util.json.code.JSONParserTest" time="0.001"/>
  <testcase name="testParseComplexObject" classname="com.zifang.util.json.code.JSONParserTest" time="0.0"/>
  <testcase name="testParseNestedObject" classname="com.zifang.util.json.code.JSONParserTest" time="0.0"/>
  <testcase name="testParsePositiveDouble" classname="com.zifang.util.json.code.JSONParserTest" time="0.0"/>
  <testcase name="testGetJsonArrayMissingKey" classname="com.zifang.util.json.code.JSONParserTest" time="0.0"/>
  <testcase name="testParseArrayMixedTypes" classname="com.zifang.util.json.code.JSONParserTest" time="0.0"/>
  <testcase name="testParseNestedArray" classname="com.zifang.util.json.code.JSONParserTest" time="0.001"/>
  <testcase name="testParseChineseString" classname="com.zifang.util.json.code.JSONParserTest" time="0.0"/>
  <testcase name="testParseSimpleArray" classname="com.zifang.util.json.code.JSONParserTest" time="0.0"/>
  <testcase name="testGetJsonObjectWrongType" classname="com.zifang.util.json.code.JSONParserTest" time="0.0"/>
  <testcase name="testGetJsonArrayWrongType" classname="com.zifang.util.json.code.JSONParserTest" time="0.0"/>
  <testcase name="testGetJsonObjectMissingKey" classname="com.zifang.util.json.code.JSONParserTest" time="0.0"/>
  <testcase name="testParseEmptyArray" classname="com.zifang.util.json.code.JSONParserTest" time="0.001"/>
  <testcase name="testParseSimpleObject" classname="com.zifang.util.json.code.JSONParserTest" time="0.0"/>
</testsuite>