<?xml version="1.0" encoding="UTF-8"?>
<testsuite xmlns:xsi="http://www.w3.org/2001/XMLSchema-instance" xsi:noNamespaceSchemaLocation="https://maven.apache.org/surefire/maven-surefire-plugin/xsd/surefire-test-report.xsd" version="3.0.2" name="com.zifang.util.expression.dynamic.DynamicG4Test" time="0.017" tests="4" errors="0" skipped="0" failures="0">
  <properties>
[...]
</properties>
  <testcase name="testParseG4File" classname="com.zifang.util.expression.dynamic.DynamicG4Test" time="0.0">
    <system-out><![CDATA[=== G4文件内容预览 ===
/*
 * JavaScript-like 语言词法和语法定义
 */
lexer grammar JSLexer;

// ========== 词法规则 ==========

// 空白字符（跳过）
Space:  [ \t\r\n]+ -> channel(HIDDEN);

// 注释
LineComment: '//' ~[\r\n]* -> channel(HIDDEN);
BlockComment: '/*' .*? '*/' -> channel(HIDDEN);

// 关键字
Var: 'var';
Let: 'let';
Const: 'const';
Function: 'function';
Return: 'return';
If: 'if';
Else: 'else';
For: 'for';
While: 'while';
Do: 'do';
Break: 'break';
Continue: 'continue';
True: 'true';
False: 'false';
Null: 'null';
Undefined: 'undefined';
...

]]></system-out>
  </testcase>
  <testcase name="testMultipleSamples" classname="com.zifang.util.expression.dynamic.DynamicG4Test" time="0.012">
    <system-out><![CDATA[========================================
代码: var name = "Alice";
  var [Var] @1:1
  name [Identifier] @1:5
  = [Assign] @1:10
  "Alice" [StringLiteral] @1:12
  ; [SemiColon] @1:19

========================================
代码: let x = 10 + 20 * 30;
  let [Let] @1:1
  x [Identifier] @1:5
  = [Assign] @1:7
  10 [IntLiteral] @1:9
  + [Plus] @1:12
  20 [IntLiteral] @1:14
  * [Star] @1:17
  30 [IntLiteral] @1:19
  ; [SemiColon] @1:21

========================================
代码: if (x > 0) return true; else return false;
  if [If] @1:1
  ( [LeftParen] @1:4
  x [Identifier] @1:5
  > [Greater] @1:7
  0 [IntLiteral] @1:9
  ) [RightParen] @1:10
  return [Return] @1:12
  true [True] @1:19
  ; [SemiColon] @1:23
  else [Else] @1:25
  return [Return] @1:30
  false [False] @1:37
  ; [SemiColon] @1:42

========================================
代码: function add(a, b) { return a + b; }
  function [Function] @1:1
  add [Identifier] @1:10
  ( [LeftParen] @1:13
  a [Identifier] @1:14
  , [Comma] @1:15
  b [Identifier] @1:17
  ) [RightParen] @1:18
  { [LeftBrace] @1:20
  return [Return] @1:22
  a [Identifier] @1:29
  + [Plus] @1:31
  b [Identifier] @1:33
  ; [SemiColon] @1:34
  } [RightBrace] @1:36

========================================
代码: // 这是注释
var x = 100; /* 多行注释 */
  var [Var] @2:1
  x [Identifier] @2:5
  = [Assign] @2:7
  100 [IntLiteral] @2:9
  ; [SemiColon] @2:12

========================================
代码: x = x > 100 ? 100 : x;
  x [Identifier] @1:1
  = [Assign] @1:3
  x [Identifier] @1:5
  > [Greater] @1:7
  100 [IntLiteral] @1:9
  ? [Question] @1:13
  100 [IntLiteral] @1:15
  : [Colon] @1:19
  x [Identifier] @1:21
  ; [SemiColon] @1:22

]]></system-out>
  </testcase>
  <testcase name="testFullPipeline" classname="com.zifang.util.expression.dynamic.DynamicG4Test" time="0.001">
    <system-out><![CDATA[=== 词法分析结果 ===
Token{type=4, text='var', line=1, column=1, tokenName='Var'}
Token{type=20, text='x', line=1, column=5, tokenName='Identifier'}
Token{type=31, text='=', line=1, column=7, tokenName='Assign'}
Token{type=24, text='100', line=1, column=9, tokenName='IntLiteral'}
Token{type=51, text=';', line=1, column=12, tokenName='SemiColon'}

]]></system-out>
  </testcase>
  <testcase name="testDynamicLexer" classname="com.zifang.util.expression.dynamic.DynamicG4Test" time="0.004">
    <system-out><![CDATA[=== 测试代码 ===
var age = 45; if (age > 18) { return true; }

=== Token列表 ===
TEXT                 TYPE            LINE       COLUMN    
----------------------------------------------------
var                  Var             1          1         
age                  Identifier      1          5         
=                    Assign          1          9         
45                   IntLiteral      1          11        
;                    SemiColon       1          13        
if                   If              1          15        
(                    LeftParen       1          18        
age                  Identifier      1          19        
>                    Greater         1          23        
18                   IntLiteral      1          25        
)                    RightParen      1          27        
{                    LeftBrace       1          29        
return               Return          1          31        
true                 True            1          38        
;                    SemiColon       1          42        
}                    RightBrace      1          44        
]]></system-out>
  </testcase>
</testsuite>